Timeout {
  _idleTimeout: 1000,
  _idlePrev: [TimersList],
  _idleNext: [Timeout],
  _idleStart: 19,
  _onTimeout: [Function (anonymous)],
  _timerArgs: undefined,
  _repeat: 1000,
  _destroyed: false,
  Symbol(refed): true,
  Symbol(kHasPrimitive): false,
  Symbol(asyncId): 5,
  Symbol(triggerId): 1,
  Symbol(kAsyncContextFrame): undefined
}
Fri Feb 20 2026 12:50:23 GMT+0900 (대한민국 표준시)에 실행
Fri Feb 20 2026 12:50:24 GMT+0900 (대한민국 표준시)에 실행
Fri Feb 20 2026 12:50:25 GMT+0900 (대한민국 표준시)에 실행
Fri Feb 20 2026 12:50:26 GMT+0900 (대한민국 표준시)에 실행
Fri Feb 20 2026 12:50:27 GMT+0900 (대한민국 표준시)에 실행
Fri Feb 20 2026 12:50:28 GMT+0900 (대한민국 표준시)에 실행
Fri Feb 20 2026 12:50:29 GMT+0900 (대한민국 표준시)에 실행
Fri Feb 20 2026 12:50:30 GMT+0900 (대한민국 표준시)에 실행
Fri Feb 20 2026 12:50:31 GMT+0900 (대한민국 표준시)에 실행
Timeout {
  _idleTimeout: 1000,
  _idlePrev: [TimersList],
  _idleNext: [Timeout],
  _idleStart: 21,
  _onTimeout: [Function (anonymous)],
  _timerArgs: undefined,
  _repeat: 1000,
  _destroyed: false,
  Symbol(refed): true,
  Symbol(kHasPrimitive): false,
  Symbol(asyncId): 5,
  Symbol(triggerId): 1,
  Symbol(kAsyncContextFrame): undefined
}
Fri Feb 20 2026 15:24:38 GMT+0900 (대한민국 표준시)에 실행
Fri Feb 20 2026 15:24:39 GMT+0900 (대한민국 표준시)에 실행
Fri Feb 20 2026 15:24:40 GMT+0900 (대한민국 표준시)에 실행
Fri Feb 20 2026 15:24:41 GMT+0900 (대한민국 표준시)에 실행
Fri Feb 20 2026 15:24:42 GMT+0900 (대한민국 표준시)에 실행
Fri Feb 20 2026 15:24:43 GMT+0900 (대한민국 표준시)에 실행
Fri Feb 20 2026 15:24:44 GMT+0900 (대한민국 표준시)에 실행
